Determining if the pthread_create exist failed with the following output:
Change Dir: /part2/CMakeFiles/CMakeTmp

Run Build Command:"/usr/bin/make" "cmTC_00acb/fast"
make: Warning: File 'Makefile' has modification time 79 s in the future
/usr/bin/make -f CMakeFiles/cmTC_00acb.dir/build.make CMakeFiles/cmTC_00acb.dir/build
make[1]: Entering directory '/part2/CMakeFiles/CMakeTmp'
make[1]: Warning: File 'CMakeFiles/cmTC_00acb.dir/flags.make' has modification time 79 s in the future
Building C object CMakeFiles/cmTC_00acb.dir/CheckSymbolExists.c.o
/usr/bin/cc    -o CMakeFiles/cmTC_00acb.dir/CheckSymbolExists.c.o   -c /part2/CMakeFiles/CMakeTmp/CheckSymbolExists.c
Linking C executable cmTC_00acb
/usr/bin/cmake -E cmake_link_script CMakeFiles/cmTC_00acb.dir/link.txt --verbose=1
/usr/bin/cc      -rdynamic CMakeFiles/cmTC_00acb.dir/CheckSymbolExists.c.o  -o cmTC_00acb 
CMakeFiles/cmTC_00acb.dir/CheckSymbolExists.c.o: In function `main':
CheckSymbolExists.c:(.text+0x1b): undefined reference to `pthread_create'
collect2: error: ld returned 1 exit status
CMakeFiles/cmTC_00acb.dir/build.make:97: recipe for target 'cmTC_00acb' failed
make[1]: *** [cmTC_00acb] Error 1
make[1]: Leaving directory '/part2/CMakeFiles/CMakeTmp'
Makefile:126: recipe for target 'cmTC_00acb/fast' failed
make: *** [cmTC_00acb/fast] Error 2

File /part2/CMakeFiles/CMakeTmp/CheckSymbolExists.c:
/* */
#include <pthread.h>

int main(int argc, char** argv)
{
  (void)argv;
#ifndef pthread_create
  return ((int*)(&pthread_create))[argc];
#else
  (void)argc;
  return 0;
#endif
}

Determining if the function pthread_create exists in the pthreads failed with the following output:
Change Dir: /part2/CMakeFiles/CMakeTmp

Run Build Command:"/usr/bin/make" "cmTC_28227/fast"
/usr/bin/make -f CMakeFiles/cmTC_28227.dir/build.make CMakeFiles/cmTC_28227.dir/build
make[1]: Entering directory '/part2/CMakeFiles/CMakeTmp'
Building C object CMakeFiles/cmTC_28227.dir/CheckFunctionExists.c.o
/usr/bin/cc   -DCHECK_FUNCTION_EXISTS=pthread_create   -o CMakeFiles/cmTC_28227.dir/CheckFunctionExists.c.o   -c /usr/share/cmake-3.10/Modules/CheckFunctionExists.c
Linking C executable cmTC_28227
/usr/bin/cmake -E cmake_link_script CMakeFiles/cmTC_28227.dir/link.txt --verbose=1
/usr/bin/cc  -DCHECK_FUNCTION_EXISTS=pthread_create    -rdynamic CMakeFiles/cmTC_28227.dir/CheckFunctionExists.c.o  -o cmTC_28227 -lpthreads 
/usr/bin/ld: cannot find -lpthreads
collect2: error: ld returned 1 exit status
CMakeFiles/cmTC_28227.dir/build.make:97: recipe for target 'cmTC_28227' failed
make[1]: *** [cmTC_28227] Error 1
make[1]: Leaving directory '/part2/CMakeFiles/CMakeTmp'
Makefile:126: recipe for target 'cmTC_28227/fast' failed
make: *** [cmTC_28227/fast] Error 2


